[0.039s] Invoking command in '/home/usuario/Documentos/GitHub/IR2117-PSR/tb3_ws/build/obstacles': CMAKE_PREFIX_PATH=${CMAKE_PREFIX_PATH}:/opt/ros/foxy /usr/bin/cmake --build /home/usuario/Documentos/GitHub/IR2117-PSR/tb3_ws/build/obstacles -- -j6 -l6
[0.168s] -- Found ament_cmake: 0.9.11 (/opt/ros/foxy/share/ament_cmake/cmake)
[0.202s] -- Using PYTHON_EXECUTABLE: /usr/bin/python3
[0.461s] -- Found rclcpp: 2.4.2 (/opt/ros/foxy/share/rclcpp/cmake)
[0.507s] -- Using all available rosidl_typesupport_c: rosidl_typesupport_fastrtps_c;rosidl_typesupport_introspection_c
[0.511s] -- Found rosidl_adapter: 1.3.0 (/opt/ros/foxy/share/rosidl_adapter/cmake)
[0.624s] -- Using all available rosidl_typesupport_cpp: rosidl_typesupport_fastrtps_cpp;rosidl_typesupport_introspection_cpp
[0.669s] -- Found rmw_implementation_cmake: 1.0.3 (/opt/ros/foxy/share/rmw_implementation_cmake/cmake)
[0.670s] -- Using RMW implementation 'rmw_fastrtps_cpp' as default
[0.788s] -- Found sensor_msgs: 2.0.5 (/opt/ros/foxy/share/sensor_msgs/cmake)
[0.870s] -- Found example_interfaces: 0.9.1 (/opt/ros/foxy/share/example_interfaces/cmake)
[0.952s] -- Found ament_lint_auto: 0.9.7 (/opt/ros/foxy/share/ament_lint_auto/cmake)
[1.158s] -- Added test 'copyright' to check source files copyright and LICENSE
[1.158s] -- Added test 'cppcheck' to perform static code analysis on C / C++ code
[1.159s] -- Configured cppcheck include dirs: 
[1.159s] -- Configured cppcheck exclude dirs and/or files: 
[1.159s] -- Added test 'cpplint' to check C / C++ code against the Google style
[1.159s] -- Configured cpplint exclude dirs and/or files: 
[1.159s] -- Added test 'flake8' to check Python code syntax and style conventions
[1.160s] -- Added test 'lint_cmake' to check CMake code style
[1.160s] -- Added test 'pep257' to check Python code against some of the style conventions in PEP 257
[1.160s] -- Added test 'uncrustify' to check C / C++ code style
[1.160s] -- Configured uncrustify additional arguments: 
[1.161s] -- Added test 'xmllint' to check XML markup files
[1.192s] -- Configuring done
[1.561s] -- Generating done
[1.581s] -- Build files have been written to: /home/usuario/Documentos/GitHub/IR2117-PSR/tb3_ws/build/obstacles
[1.693s] [35m[1mScanning dependencies of target avoidance[0m
[1.695s] [35m[1mScanning dependencies of target detector[0m
[1.936s] [ 50%] [32mBuilding CXX object CMakeFiles/avoidance.dir/src/avoidance.cpp.o[0m
[1.936s] [ 50%] [32mBuilding CXX object CMakeFiles/detector.dir/src/detector.cpp.o[0m
[15.308s] make[2]: *** wait: No hay ning√∫n proceso hijo.  Alto.
[15.308s] make[2]: *** Se espera a que terminen otras tareas....
[15.308s] make[2]: *** wait: No hay ning√∫n proceso hijo.  Alto.
[15.308s] make[2]: *** [CMakeFiles/detector.dir/build.make:63: CMakeFiles/detector.dir/src/detector.cpp.o] Interrupci√≥n
[15.308s] make[1]: *** [CMakeFiles/Makefile2:107: CMakeFiles/avoidance.dir/all] Error 2
[15.308s] make[1]: *** [CMakeFiles/Makefile2:80: CMakeFiles/detector.dir/all] Interrupci√≥n
[15.308s] make: *** [Makefile:141: all] Interrupci√≥n
[15.443s] Invoked command in '/home/usuario/Documentos/GitHub/IR2117-PSR/tb3_ws/build/obstacles' returned '-2': CMAKE_PREFIX_PATH=${CMAKE_PREFIX_PATH}:/opt/ros/foxy /usr/bin/cmake --build /home/usuario/Documentos/GitHub/IR2117-PSR/tb3_ws/build/obstacles -- -j6 -l6
