[0.027s] Invoking command in '/home/usuario/Documentos/GitHub/IR2117-PSR/tb3_ws/build/obstacles': CMAKE_PREFIX_PATH=/opt/ros/foxy /usr/bin/cmake --build /home/usuario/Documentos/GitHub/IR2117-PSR/tb3_ws/build/obstacles -- -j6 -l6
[0.071s] [ 50%] [32mBuilding CXX object CMakeFiles/detector.dir/src/detector.cpp.o[0m
[0.133s] [01m[K/home/usuario/Documentos/GitHub/IR2117-PSR/tb3_ws/src/obstacles/src/detector.cpp:2:10:[m[K [01;31m[Kfatal error: [m[Kstd_msgs/msg/laser_scan.hpp: No existe el archivo o el directorio
[0.133s]     2 | #include [01;31m[K"std_msgs/msg/laser_scan.hpp"[m[K
[0.133s]       |          [01;31m[K^~~~~~~~~~~~~~~~~~~~~~~~~~~~~[m[K
[0.133s] compilation terminated.
[0.134s] make[2]: *** [CMakeFiles/detector.dir/build.make:63: CMakeFiles/detector.dir/src/detector.cpp.o] Error 1
[0.134s] make[1]: *** [CMakeFiles/Makefile2:78: CMakeFiles/detector.dir/all] Error 2
[0.134s] make: *** [Makefile:141: all] Error 2
[0.136s] Invoked command in '/home/usuario/Documentos/GitHub/IR2117-PSR/tb3_ws/build/obstacles' returned '2': CMAKE_PREFIX_PATH=/opt/ros/foxy /usr/bin/cmake --build /home/usuario/Documentos/GitHub/IR2117-PSR/tb3_ws/build/obstacles -- -j6 -l6
