[0.024s] Invoking command in '/home/usuario/Documentos/GitHub/IR2117-PSR/tb3_ws/build/obstacles': CMAKE_PREFIX_PATH=/opt/ros/foxy /usr/bin/cmake --build /home/usuario/Documentos/GitHub/IR2117-PSR/tb3_ws/build/obstacles -- -j6 -l6
[0.060s] [35m[1mScanning dependencies of target detector[0m
[0.077s] [ 50%] [32mBuilding CXX object CMakeFiles/detector.dir/src/detector.cpp.o[0m
[1.041s] [01m[K/home/usuario/Documentos/GitHub/IR2117-PSR/tb3_ws/src/obstacles/src/detector.cpp:[m[K In function â€˜[01m[Kvoid callback(sensor_msgs::msg::LaserScan_<std::allocator<void> >::SharedPtr)[m[Kâ€™:
[1.041s] [01m[K/home/usuario/Documentos/GitHub/IR2117-PSR/tb3_ws/src/obstacles/src/detector.cpp:5:60:[m[K [01;35m[Kwarning: [m[Kunused parameter â€˜[01m[Kmsg[m[Kâ€™ [[01;35m[K-Wunused-parameter[m[K]
[1.041s]     5 | void callback([01;35m[Kconst sensor_msgs::msg::LaserScan::SharedPtr msg[m[K)
[1.041s]       |               [01;35m[K~~~~~~~~~~~~~~~~~~~~~~~~~~~~~~~~~~~~~~~~~~~~~^~~[m[K
[1.042s] [01m[K/home/usuario/Documentos/GitHub/IR2117-PSR/tb3_ws/src/obstacles/src/detector.cpp:[m[K In function â€˜[01m[Kint main(int, char**)[m[Kâ€™:
[1.042s] [01m[K/home/usuario/Documentos/GitHub/IR2117-PSR/tb3_ws/src/obstacles/src/detector.cpp:14:64:[m[K [01;31m[Kerror: [m[Kâ€˜[01m[KString[m[Kâ€™ is not a member of â€˜[01m[Kstd_msgs::msg[m[Kâ€™
[1.042s]    14 | auto subscription = node->create_subscription<std_msgs::msg::[01;31m[KString[m[K>("scan", 10, callback);
[1.042s]       |                                                              [01;31m[K^~~~~~[m[K
[1.043s] 
[1.043s] [01m[K/home/usuario/Documentos/GitHub/IR2117-PSR/tb3_ws/src/obstacles/src/detector.cpp:14:64:[m[K [01;31m[Kerror: [m[Kâ€˜[01m[KString[m[Kâ€™ is not a member of â€˜[01m[Kstd_msgs::msg[m[Kâ€™
[1.043s] [01m[K/home/usuario/Documentos/GitHub/IR2117-PSR/tb3_ws/src/obstacles/src/detector.cpp:14:92:[m[K [01;31m[Kerror: [m[Kno matching function for call to â€˜[01m[Krclcpp::Node::create_subscription<<expression error> >(const char [5], int, void (&)(sensor_msgs::msg::LaserScan_<std::allocator<void> >::SharedPtr))[m[Kâ€™
[1.043s]    14 | eate_subscription<std_msgs::msg::String>("scan", 10, callback[01;31m[K)[m[K;
[1.043s]       |                                                              [01;31m[K^[m[K
[1.043s] 
[1.043s] In file included from [01m[K/opt/ros/foxy/include/rclcpp/executors/single_threaded_executor.hpp:28[m[K,
[1.043s]                  from [01m[K/opt/ros/foxy/include/rclcpp/executors.hpp:22[m[K,
[1.043s]                  from [01m[K/opt/ros/foxy/include/rclcpp/rclcpp.hpp:146[m[K,
[1.043s]                  from [01m[K/home/usuario/Documentos/GitHub/IR2117-PSR/tb3_ws/src/obstacles/src/detector.cpp:1[m[K:
[1.043s] [01m[K/opt/ros/foxy/include/rclcpp/node.hpp:213:3:[m[K [01;36m[Knote: [m[Kcandidate: â€˜[01m[Ktemplate<class MessageT, class CallbackT, class AllocatorT, class CallbackMessageT, class SubscriptionT, class MessageMemoryStrategyT> std::shared_ptr<SubscriptionT> rclcpp::Node::create_subscription(const string&, const rclcpp::QoS&, CallbackT&&, const rclcpp::SubscriptionOptionsWithAllocator<AllocatorT>&, typename MessageMemoryStrategyT::SharedPtr)[m[Kâ€™
[1.043s]   213 |   [01;36m[Kcreate_subscription[m[K(
[1.043s]       |   [01;36m[K^~~~~~~~~~~~~~~~~~~[m[K
[1.043s] [01m[K/opt/ros/foxy/include/rclcpp/node.hpp:213:3:[m[K [01;36m[Knote: [m[K  template argument deduction/substitution failed:
[1.043s] [01m[K/home/usuario/Documentos/GitHub/IR2117-PSR/tb3_ws/src/obstacles/src/detector.cpp:14:92:[m[K [01;31m[Kerror: [m[Ktemplate argument 1 is invalid
[1.043s]    14 | eate_subscription<std_msgs::msg::String>("scan", 10, callback[01;31m[K)[m[K;
[1.043s]       |                                                              [01;31m[K^[m[K
[1.043s] 
[1.331s] make[2]: *** [CMakeFiles/detector.dir/build.make:63: CMakeFiles/detector.dir/src/detector.cpp.o] Error 1
[1.331s] make[1]: *** [CMakeFiles/Makefile2:78: CMakeFiles/detector.dir/all] Error 2
[1.331s] make: *** [Makefile:141: all] Error 2
[1.334s] Invoked command in '/home/usuario/Documentos/GitHub/IR2117-PSR/tb3_ws/build/obstacles' returned '2': CMAKE_PREFIX_PATH=/opt/ros/foxy /usr/bin/cmake --build /home/usuario/Documentos/GitHub/IR2117-PSR/tb3_ws/build/obstacles -- -j6 -l6
