[35m[1mScanning dependencies of target action_client[0m
[ 16%] [32mBuilding CXX object CMakeFiles/action_server.dir/src/rings_action_server.cpp.o[0m
[ 33%] [32mBuilding CXX object CMakeFiles/action_client.dir/src/rings_action_client.cpp.o[0m
In file included from [01m[K/opt/ros/foxy/include/rclcpp/client.hpp:40[m[K,
                 from [01m[K/opt/ros/foxy/include/rclcpp/callback_group.hpp:23[m[K,
                 from [01m[K/opt/ros/foxy/include/rclcpp/any_executable.hpp:20[m[K,
                 from [01m[K/opt/ros/foxy/include/rclcpp/memory_strategy.hpp:24[m[K,
                 from [01m[K/opt/ros/foxy/include/rclcpp/memory_strategies.hpp:18[m[K,
                 from [01m[K/opt/ros/foxy/include/rclcpp/executor_options.hpp:20[m[K,
                 from [01m[K/opt/ros/foxy/include/rclcpp/executor.hpp:33[m[K,
                 from [01m[K/opt/ros/foxy/include/rclcpp/executors/multi_threaded_executor.hpp:26[m[K,
                 from [01m[K/opt/ros/foxy/include/rclcpp/executors.hpp:21[m[K,
                 from [01m[K/opt/ros/foxy/include/rclcpp/rclcpp.hpp:146[m[K,
                 from [01m[K/home/marc/Documentos/GitHub/IR2117-PSR/tb3_ws/src/olympic/src/rings_action_client.cpp:4[m[K:
[01m[K/home/marc/Documentos/GitHub/IR2117-PSR/tb3_ws/src/olympic/src/rings_action_client.cpp:[m[K In function â€˜[01m[Kvoid feedback_callback(rclcpp_action::ClientGoalHandle<olympic_interfaces::action::Rings>::SharedPtr, std::shared_ptr<const olympic_interfaces::action::Rings_Feedback_<std::allocator<void> > >)[m[Kâ€™:
[01m[K/home/marc/Documentos/GitHub/IR2117-PSR/tb3_ws/src/olympic/src/rings_action_client.cpp:23:15:[m[K [01;31m[Kerror: [m[Kâ€˜[01m[Kusing element_type = const struct olympic_interfaces::action::Rings_Feedback_<std::allocator<void> >[m[Kâ€™ {aka â€˜[01m[Kconst struct olympic_interfaces::action::Rings_Feedback_<std::allocator<void> >[m[Kâ€™} has no member named â€˜[01m[Kpartial_sequence[m[Kâ€™
   23 |     feedback->[01;31m[Kpartial_sequence[m[K.back());
      |               [01;31m[K^~~~~~~~~~~~~~~~[m[K
[01m[K/home/marc/Documentos/GitHub/IR2117-PSR/tb3_ws/src/olympic/src/rings_action_server.cpp:[m[K In function â€˜[01m[Kvoid execute(std::shared_ptr<rclcpp_action::ServerGoalHandle<olympic_interfaces::action::Rings> >)[m[Kâ€™:
[01m[K/home/marc/Documentos/GitHub/IR2117-PSR/tb3_ws/src/olympic/src/rings_action_server.cpp:47:36:[m[K [01;31m[Kerror: [m[Kâ€˜[01m[KRadius[m[Kâ€™ was not declared in this scope
   47 |   auto feedback = std::make_shared<[01;31m[KRadius[m[K::Feedback>();
      |                                    [01;31m[K^~~~~~[m[K
[01m[K/home/marc/Documentos/GitHub/IR2117-PSR/tb3_ws/src/olympic/src/rings_action_server.cpp:47:24:[m[K [01;31m[Kerror: [m[Kparse error in template argument list
   47 |   auto feedback = std::[01;31m[Kmake_shared<Radius::Feedback>[m[K();
      |                        [01;31m[K^~~~~~~~~~~~~~~~~~~~~~~~~~~~~[m[K
[01m[K/home/marc/Documentos/GitHub/IR2117-PSR/tb3_ws/src/olympic/src/rings_action_server.cpp:47:54:[m[K [01;31m[Kerror: [m[Kno matching function for call to â€˜[01m[Kmake_shared<<expression error> >()[m[Kâ€™
   47 |   auto feedback = std::make_shared<Radius::Feedback>([01;31m[K)[m[K;
      |                                                      [01;31m[K^[m[K
In file included from [01m[K/usr/include/c++/9/memory:81[m[K,
                 from [01m[K/home/marc/Documentos/GitHub/IR2117-PSR/tb3_ws/src/olympic/src/rings_action_server.cpp:2[m[K:
[01m[K/usr/include/c++/9/bits/shared_ptr.h:714:5:[m[K [01;36m[Knote: [m[Kcandidate: â€˜[01m[Ktemplate<class _Tp, class ... _Args> std::shared_ptr<_Tp> std::make_shared(_Args&& ...)[m[Kâ€™
  714 |     [01;36m[Kmake_shared[m[K(_Args&&... __args)
      |     [01;36m[K^~~~~~~~~~~[m[K
[01m[K/usr/include/c++/9/bits/shared_ptr.h:714:5:[m[K [01;36m[Knote: [m[K  template argument deduction/substitution failed:
[01m[K/home/marc/Documentos/GitHub/IR2117-PSR/tb3_ws/src/olympic/src/rings_action_server.cpp:47:54:[m[K [01;31m[Kerror: [m[Ktemplate argument 1 is invalid
   47 |   auto feedback = std::make_shared<Radius::Feedback>([01;31m[K)[m[K;
      |                                                      [01;31m[K^[m[K
[01m[K/home/marc/Documentos/GitHub/IR2117-PSR/tb3_ws/src/olympic/src/rings_action_server.cpp:51:22:[m[K [01;31m[Kerror: [m[Kparse error in template argument list
   51 |   auto result = std::[01;31m[Kmake_shared<Radius::Result>[m[K();
      |                      [01;31m[K^~~~~~~~~~~~~~~~~~~~~~~~~~~[m[K
[01m[K/home/marc/Documentos/GitHub/IR2117-PSR/tb3_ws/src/olympic/src/rings_action_server.cpp:51:50:[m[K [01;31m[Kerror: [m[Kno matching function for call to â€˜[01m[Kmake_shared<Radius>()[m[Kâ€™
   51 |   auto result = std::make_shared<Radius::Result>([01;31m[K)[m[K;
      |                                                  [01;31m[K^[m[K
In file included from [01m[K/usr/include/c++/9/memory:81[m[K,
                 from [01m[K/home/marc/Documentos/GitHub/IR2117-PSR/tb3_ws/src/olympic/src/rings_action_server.cpp:2[m[K:
[01m[K/usr/include/c++/9/bits/shared_ptr.h:714:5:[m[K [01;36m[Knote: [m[Kcandidate: â€˜[01m[Ktemplate<class _Tp, class ... _Args> std::shared_ptr<_Tp> std::make_shared(_Args&& ...)[m[Kâ€™
  714 |     [01;36m[Kmake_shared[m[K(_Args&&... __args)
      |     [01;36m[K^~~~~~~~~~~[m[K
[01m[K/usr/include/c++/9/bits/shared_ptr.h:714:5:[m[K [01;36m[Knote: [m[K  template argument deduction/substitution failed:
[01m[K/home/marc/Documentos/GitHub/IR2117-PSR/tb3_ws/src/olympic/src/rings_action_server.cpp:53:32:[m[K [01;31m[Kerror: [m[Kâ€˜[01m[Kusing element_type = const struct olympic_interfaces::action::Rings_Goal_<std::allocator<void> >[m[Kâ€™ {aka â€˜[01m[Kconst struct olympic_interfaces::action::Rings_Goal_<std::allocator<void> >[m[Kâ€™} has no member named â€˜[01m[Korder[m[Kâ€™
   53 |     for (int i = 1; (i < goal->[01;31m[Korder[m[K) && rclcpp::ok(); ++i) {
      |                                [01;31m[K^~~~~[m[K
[01m[K/home/marc/Documentos/GitHub/IR2117-PSR/tb3_ws/src/olympic/src/rings_action_client.cpp:[m[K In function â€˜[01m[Kint main(int, char**)[m[Kâ€™:
[01m[K/home/marc/Documentos/GitHub/IR2117-PSR/tb3_ws/src/olympic/src/rings_action_client.cpp:104:45:[m[K [01;31m[Kerror: [m[Kâ€˜[01m[Kusing element_type = struct olympic_interfaces::action::Rings_Result_<std::allocator<void> >[m[Kâ€™ {aka â€˜[01m[Kstruct olympic_interfaces::action::Rings_Result_<std::allocator<void> >[m[Kâ€™} has no member named â€˜[01m[Ksequence[m[Kâ€™
  104 |   for (auto number : wrapped_result.result->[01;31m[Ksequence[m[K) {
      |                                             [01;31m[K^~~~~~~~[m[K
make[2]: *** [CMakeFiles/action_server.dir/build.make:63: CMakeFiles/action_server.dir/src/rings_action_server.cpp.o] Error 1
make[1]: *** [CMakeFiles/Makefile2:109: CMakeFiles/action_server.dir/all] Error 2
make[1]: *** Se espera a que terminen otras tareas....
make[2]: *** [CMakeFiles/action_client.dir/build.make:63: CMakeFiles/action_client.dir/src/rings_action_client.cpp.o] Error 1
make[1]: *** [CMakeFiles/Makefile2:82: CMakeFiles/action_client.dir/all] Error 2
make: *** [Makefile:141: all] Error 2
