-- Found ament_cmake: 0.9.11 (/opt/ros/foxy/share/ament_cmake/cmake)
-- Using PYTHON_EXECUTABLE: /usr/bin/python3
-- Found rclcpp: 2.4.2 (/opt/ros/foxy/share/rclcpp/cmake)
-- Using all available rosidl_typesupport_c: rosidl_typesupport_fastrtps_c;rosidl_typesupport_introspection_c
-- Found rosidl_adapter: 1.3.0 (/opt/ros/foxy/share/rosidl_adapter/cmake)
-- Using all available rosidl_typesupport_cpp: rosidl_typesupport_fastrtps_cpp;rosidl_typesupport_introspection_cpp
-- Found rmw_implementation_cmake: 1.0.4 (/opt/ros/foxy/share/rmw_implementation_cmake/cmake)
-- Using RMW implementation 'rmw_fastrtps_cpp' as default
-- Found geometry_msgs: 2.0.5 (/opt/ros/foxy/share/geometry_msgs/cmake)
-- Found turtlesim: 1.2.6 (/opt/ros/foxy/share/turtlesim/cmake)
-- Found rclcpp_action: 2.4.2 (/opt/ros/foxy/share/rclcpp_action/cmake)
-- Found rclcpp_components: 2.4.2 (/opt/ros/foxy/share/rclcpp_components/cmake)
-- Found olympic_interfaces: 0.0.0 (/home/marc/Documentos/GitHub/IR2117-PSR/tb3_ws/install/olympic_interfaces/share/olympic_interfaces/cmake)
-- Found ament_lint_auto: 0.9.8 (/opt/ros/foxy/share/ament_lint_auto/cmake)
-- Added test 'copyright' to check source files copyright and LICENSE
-- Added test 'cppcheck' to perform static code analysis on C / C++ code
-- Configured cppcheck include dirs: $<BUILD_INTERFACE:/home/marc/Documentos/GitHub/IR2117-PSR/tb3_ws/src/olympic/include>
-- Configured cppcheck exclude dirs and/or files: 
-- Added test 'cpplint' to check C / C++ code against the Google style
-- Configured cpplint exclude dirs and/or files: 
-- Added test 'lint_cmake' to check CMake code style
-- Added test 'uncrustify' to check C / C++ code style
-- Configured uncrustify additional arguments: 
-- Added test 'xmllint' to check XML markup files
-- Configuring done
-- Generating done
-- Build files have been written to: /home/marc/Documentos/GitHub/IR2117-PSR/tb3_ws/build/olympic
[35m[1mScanning dependencies of target rings_action_server[0m
[35m[1mScanning dependencies of target rings_action_client[0m
[ 16%] [32mBuilding CXX object CMakeFiles/rings_action_server.dir/src/rings_action_server.cpp.o[0m
[ 33%] [32mBuilding CXX object CMakeFiles/rings_action_client.dir/src/rings_action_client.cpp.o[0m
[ 50%] [32m[1mLinking CXX executable rings_action_client[0m
[ 50%] Built target rings_action_client
[35m[1mScanning dependencies of target rings[0m
[ 66%] [32mBuilding CXX object CMakeFiles/rings.dir/src/rings.cpp.o[0m
[ 83%] [32m[1mLinking CXX executable rings_action_server[0m
[01m[K/home/marc/Documentos/GitHub/IR2117-PSR/tb3_ws/src/olympic/src/rings.cpp:[m[K In function â€˜[01m[Kint main(int, char**)[m[Kâ€™:
[01m[K/home/marc/Documentos/GitHub/IR2117-PSR/tb3_ws/src/olympic/src/rings.cpp:71:40:[m[K [01;31m[Kerror: [m[Kâ€˜[01m[Kradius[m[Kâ€™ was not declared in this scope
   71 |   std::vector<double> x = {5.5, (5.5-2*[01;31m[Kradius[m[K), (5.5+2*radius), (5.5-radius), (5.5+radius)};
      |                                        [01;31m[K^~~~~~[m[K
[01m[K/home/marc/Documentos/GitHub/IR2117-PSR/tb3_ws/src/olympic/src/rings.cpp:71:91:[m[K [01;31m[Kerror: [m[Kcould not convert â€˜[01m[K{5.5e+0, <expression error>, <expression error>, <expression error>, <expression error>}[m[Kâ€™ from â€˜[01m[K<brace-enclosed initializer list>[m[Kâ€™ to â€˜[01m[Kstd::vector<double, std::allocator<double> >[m[Kâ€™
   71 |   std::vector<double> x = {5.5, (5.5-2*radius), (5.5+2*radius), (5.5-radius), (5.5+radius)[01;31m[K}[m[K;
      |                                                                                           [01;31m[K^[m[K
      |                                                                                           [01;31m[K|[m[K
      |                                                                                           [01;31m[K<brace-enclosed initializer list>[m[K
[01m[K/home/marc/Documentos/GitHub/IR2117-PSR/tb3_ws/src/olympic/src/rings.cpp:72:69:[m[K [01;31m[Kerror: [m[Kcould not convert â€˜[01m[K{5.5e+0, 5.5e+0, 5.5e+0, <expression error>, <expression error>}[m[Kâ€™ from â€˜[01m[K<brace-enclosed initializer list>[m[Kâ€™ to â€˜[01m[Kstd::vector<double, std::allocator<double> >[m[Kâ€™
   72 |   std::vector<double> y = {5.5, 5.5, 5.5, (5.5-radius), (5.5-radius)[01;31m[K}[m[K;
      |                                                                     [01;31m[K^[m[K
      |                                                                     [01;31m[K|[m[K
      |                                                                     [01;31m[K<brace-enclosed initializer list>[m[K
[01m[K/home/marc/Documentos/GitHub/IR2117-PSR/tb3_ws/src/olympic/src/rings.cpp:93:14:[m[K [01;31m[Kerror: [m[Kâ€˜[01m[Kusing element_type = struct turtlesim::srv::SetPen_Request_<std::allocator<void> >[m[Kâ€™ {aka â€˜[01m[Kstruct turtlesim::srv::SetPen_Request_<std::allocator<void> >[m[Kâ€™} has no member named â€˜[01m[Kred[m[Kâ€™
   93 |     request->[01;31m[Kred[m[K = red[i];
      |              [01;31m[K^~~[m[K
[01m[K/home/marc/Documentos/GitHub/IR2117-PSR/tb3_ws/src/olympic/src/rings.cpp:94:14:[m[K [01;31m[Kerror: [m[Kâ€˜[01m[Kusing element_type = struct turtlesim::srv::SetPen_Request_<std::allocator<void> >[m[Kâ€™ {aka â€˜[01m[Kstruct turtlesim::srv::SetPen_Request_<std::allocator<void> >[m[Kâ€™} has no member named â€˜[01m[Kgreen[m[Kâ€™
   94 |     request->[01;31m[Kgreen[m[K = green[i];
      |              [01;31m[K^~~~~[m[K
[01m[K/home/marc/Documentos/GitHub/IR2117-PSR/tb3_ws/src/olympic/src/rings.cpp:95:14:[m[K [01;31m[Kerror: [m[Kâ€˜[01m[Kusing element_type = struct turtlesim::srv::SetPen_Request_<std::allocator<void> >[m[Kâ€™ {aka â€˜[01m[Kstruct turtlesim::srv::SetPen_Request_<std::allocator<void> >[m[Kâ€™} has no member named â€˜[01m[Kblue[m[Kâ€™
   95 |     request->[01;31m[Kblue[m[K = blue[i];
      |              [01;31m[K^~~~[m[K
[01m[K/home/marc/Documentos/GitHub/IR2117-PSR/tb3_ws/src/olympic/src/rings.cpp:24:7:[m[K [01;35m[Kwarning: [m[Kunused variable â€˜[01m[Kpublish_count[m[Kâ€™ [[01;35m[K-Wunused-variable[m[K]
   24 |  auto [01;35m[Kpublish_count[m[K = 0;
      |       [01;35m[K^~~~~~~~~~~~~[m[K
[01m[K/home/marc/Documentos/GitHub/IR2117-PSR/tb3_ws/src/olympic/src/rings.cpp:27:9:[m[K [01;35m[Kwarning: [m[Kunused variable â€˜[01m[Kradius_length[m[Kâ€™ [[01;35m[K-Wunused-variable[m[K]
   27 |  double [01;35m[Kradius_length[m[K = node->get_parameter("radius_length").get_parameter_value().get<double>();
      |         [01;35m[K^~~~~~~~~~~~~[m[K
[01m[K/home/marc/Documentos/GitHub/IR2117-PSR/tb3_ws/src/olympic/src/rings.cpp:118:1:[m[K [01;31m[Kerror: [m[Kexpected â€˜[01m[K}[m[Kâ€™ at end of input
  118 | [01;31m[K}[m[K
      | [01;31m[K^[m[K
[01m[K/home/marc/Documentos/GitHub/IR2117-PSR/tb3_ws/src/olympic/src/rings.cpp:17:1:[m[K [01;36m[Knote: [m[Kto match this â€˜[01m[K{[m[Kâ€™
   17 | [01;36m[K{[m[K
      | [01;36m[K^[m[K
[ 83%] Built target rings_action_server
make[2]: *** [CMakeFiles/rings.dir/build.make:63: CMakeFiles/rings.dir/src/rings.cpp.o] Error 1
make[1]: *** [CMakeFiles/Makefile2:136: CMakeFiles/rings.dir/all] Error 2
make: *** [Makefile:141: all] Error 2
