[0.054s] Invoking command in '/home/marc/Documentos/GitHub/IR2117-PSR/tb3_ws/build/olympic': AMENT_PREFIX_PATH=/home/marc/Documentos/GitHub/IR2117-PSR/tb3_ws/install/olympic_interfaces:${AMENT_PREFIX_PATH} CMAKE_PREFIX_PATH=/home/marc/Documentos/GitHub/IR2117-PSR/tb3_ws/install/olympic_interfaces:/opt/ros/foxy LD_LIBRARY_PATH=/home/marc/Documentos/GitHub/IR2117-PSR/tb3_ws/install/olympic_interfaces/lib:${LD_LIBRARY_PATH} PYTHONPATH=/home/marc/Documentos/GitHub/IR2117-PSR/tb3_ws/install/olympic_interfaces/lib/python3.8/site-packages:${PYTHONPATH} /usr/bin/cmake --build /home/marc/Documentos/GitHub/IR2117-PSR/tb3_ws/build/olympic -- -j2 -l2
[0.138s] [35m[1mScanning dependencies of target action_client[0m
[0.142s] [35m[1mScanning dependencies of target action_server[0m
[0.206s] [ 16%] [32mBuilding CXX object CMakeFiles/action_server.dir/src/rings_action_server.cpp.o[0m
[0.219s] [ 33%] [32mBuilding CXX object CMakeFiles/action_client.dir/src/rings_action_client.cpp.o[0m
[3.313s] In file included from [01m[K/opt/ros/foxy/include/rclcpp/client.hpp:40[m[K,
[3.313s]                  from [01m[K/opt/ros/foxy/include/rclcpp/callback_group.hpp:23[m[K,
[3.313s]                  from [01m[K/opt/ros/foxy/include/rclcpp/any_executable.hpp:20[m[K,
[3.314s]                  from [01m[K/opt/ros/foxy/include/rclcpp/memory_strategy.hpp:24[m[K,
[3.314s]                  from [01m[K/opt/ros/foxy/include/rclcpp/memory_strategies.hpp:18[m[K,
[3.314s]                  from [01m[K/opt/ros/foxy/include/rclcpp/executor_options.hpp:20[m[K,
[3.314s]                  from [01m[K/opt/ros/foxy/include/rclcpp/executor.hpp:33[m[K,
[3.314s]                  from [01m[K/opt/ros/foxy/include/rclcpp/executors/multi_threaded_executor.hpp:26[m[K,
[3.315s]                  from [01m[K/opt/ros/foxy/include/rclcpp/executors.hpp:21[m[K,
[3.315s]                  from [01m[K/opt/ros/foxy/include/rclcpp/rclcpp.hpp:146[m[K,
[3.315s]                  from [01m[K/home/marc/Documentos/GitHub/IR2117-PSR/tb3_ws/src/olympic/src/rings_action_client.cpp:4[m[K:
[3.315s] [01m[K/home/marc/Documentos/GitHub/IR2117-PSR/tb3_ws/src/olympic/src/rings_action_client.cpp:[m[K In function â€˜[01m[Kvoid feedback_callback(rclcpp_action::ClientGoalHandle<olympic_interfaces::action::Rings>::SharedPtr, std::shared_ptr<const olympic_interfaces::action::Rings_Feedback_<std::allocator<void> > >)[m[Kâ€™:
[3.315s] [01m[K/home/marc/Documentos/GitHub/IR2117-PSR/tb3_ws/src/olympic/src/rings_action_client.cpp:23:15:[m[K [01;31m[Kerror: [m[Kâ€˜[01m[Kusing element_type = const struct olympic_interfaces::action::Rings_Feedback_<std::allocator<void> >[m[Kâ€™ {aka â€˜[01m[Kconst struct olympic_interfaces::action::Rings_Feedback_<std::allocator<void> >[m[Kâ€™} has no member named â€˜[01m[Kpartial_sequence[m[Kâ€™
[3.316s]    23 |     feedback->[01;31m[Kpartial_sequence[m[K.back());
[3.316s]       |               [01;31m[K^~~~~~~~~~~~~~~~[m[K
[3.348s] [01m[K/home/marc/Documentos/GitHub/IR2117-PSR/tb3_ws/src/olympic/src/rings_action_client.cpp:[m[K In function â€˜[01m[Kint main(int, char**)[m[Kâ€™:
[3.348s] [01m[K/home/marc/Documentos/GitHub/IR2117-PSR/tb3_ws/src/olympic/src/rings_action_client.cpp:41:21:[m[K [01;31m[Kerror: [m[Kâ€˜[01m[Knode[m[Kâ€™ was not declared in this scope; did you mean â€˜[01m[Kg_node[m[Kâ€™?
[3.348s]    41 |   goal_msg.radius = [01;31m[Knode[m[K->get_parameter("radius").get_parameter_value().get<double>();
[3.349s]       |                     [01;31m[K^~~~[m[K
[3.349s]       |                     [32m[Kg_node[m[K
[3.349s] [01m[K/home/marc/Documentos/GitHub/IR2117-PSR/tb3_ws/src/olympic/src/rings_action_client.cpp:41:77:[m[K [01;31m[Kerror: [m[Kexpected primary-expression before â€˜[01m[Kdouble[m[Kâ€™
[3.349s]    41 |   goal_msg.radius = node->get_parameter("radius").get_parameter_value().get<[01;31m[Kdouble[m[K>();
[3.349s]       |                                                                             [01;31m[K^~~~~~[m[K
[3.355s] [01m[K/home/marc/Documentos/GitHub/IR2117-PSR/tb3_ws/src/olympic/src/rings_action_client.cpp:62:3:[m[K [01;31m[Kerror: [m[Kâ€˜[01m[KGoalHandleFibonacci[m[Kâ€™ has not been declared
[3.356s]    62 |   [01;31m[KGoalHandleFibonacci[m[K::SharedPtr goal_handle =
[3.356s]       |   [01;31m[K^~~~~~~~~~~~~~~~~~~[m[K
[3.359s] [01m[K/home/marc/Documentos/GitHub/IR2117-PSR/tb3_ws/src/olympic/src/rings_action_client.cpp:64:8:[m[K [01;31m[Kerror: [m[Kâ€˜[01m[Kgoal_handle[m[Kâ€™ was not declared in this scope
[3.359s]    64 |   if (![01;31m[Kgoal_handle[m[K) {
[3.359s]       |        [01;31m[K^~~~~~~~~~~[m[K
[3.363s] [01m[K/home/marc/Documentos/GitHub/IR2117-PSR/tb3_ws/src/olympic/src/rings_action_client.cpp:71:37:[m[K [01;31m[Kerror: [m[Kâ€˜[01m[Kgoal_handle[m[Kâ€™ was not declared in this scope
[3.363s]    71 |     action_client->async_get_result([01;31m[Kgoal_handle[m[K);
[3.363s]       |                                     [01;31m[K^~~~~~~~~~~[m[K
[3.376s] [01m[K/home/marc/Documentos/GitHub/IR2117-PSR/tb3_ws/src/olympic/src/rings_action_client.cpp:104:45:[m[K [01;31m[Kerror: [m[Kâ€˜[01m[Kusing element_type = struct olympic_interfaces::action::Rings_Result_<std::allocator<void> >[m[Kâ€™ {aka â€˜[01m[Kstruct olympic_interfaces::action::Rings_Result_<std::allocator<void> >[m[Kâ€™} has no member named â€˜[01m[Ksequence[m[Kâ€™
[3.376s]   104 |   for (auto number : wrapped_result.result->[01;31m[Ksequence[m[K) {
[3.376s]       |                                             [01;31m[K^~~~~~~~[m[K
[3.537s] [01m[K/home/marc/Documentos/GitHub/IR2117-PSR/tb3_ws/src/olympic/src/rings_action_server.cpp:[m[K In function â€˜[01m[Kvoid execute(std::shared_ptr<rclcpp_action::ServerGoalHandle<olympic_interfaces::action::Rings> >)[m[Kâ€™:
[3.537s] [01m[K/home/marc/Documentos/GitHub/IR2117-PSR/tb3_ws/src/olympic/src/rings_action_server.cpp:47:36:[m[K [01;31m[Kerror: [m[Kâ€˜[01m[KRadius[m[Kâ€™ was not declared in this scope
[3.537s]    47 |   auto feedback = std::make_shared<[01;31m[KRadius[m[K::Feedback>();
[3.537s]       |                                    [01;31m[K^~~~~~[m[K
[3.538s] [01m[K/home/marc/Documentos/GitHub/IR2117-PSR/tb3_ws/src/olympic/src/rings_action_server.cpp:47:24:[m[K [01;31m[Kerror: [m[Kparse error in template argument list
[3.538s]    47 |   auto feedback = std::[01;31m[Kmake_shared<Radius::Feedback>[m[K();
[3.538s]       |                        [01;31m[K^~~~~~~~~~~~~~~~~~~~~~~~~~~~~[m[K
[3.539s] [01m[K/home/marc/Documentos/GitHub/IR2117-PSR/tb3_ws/src/olympic/src/rings_action_server.cpp:47:54:[m[K [01;31m[Kerror: [m[Kno matching function for call to â€˜[01m[Kmake_shared<<expression error> >()[m[Kâ€™
[3.539s]    47 |   auto feedback = std::make_shared<Radius::Feedback>([01;31m[K)[m[K;
[3.539s]       |                                                      [01;31m[K^[m[K
[3.540s] In file included from [01m[K/usr/include/c++/9/memory:81[m[K,
[3.540s]                  from [01m[K/home/marc/Documentos/GitHub/IR2117-PSR/tb3_ws/src/olympic/src/rings_action_server.cpp:2[m[K:
[3.540s] [01m[K/usr/include/c++/9/bits/shared_ptr.h:714:5:[m[K [01;36m[Knote: [m[Kcandidate: â€˜[01m[Ktemplate<class _Tp, class ... _Args> std::shared_ptr<_Tp> std::make_shared(_Args&& ...)[m[Kâ€™
[3.540s]   714 |     [01;36m[Kmake_shared[m[K(_Args&&... __args)
[3.540s]       |     [01;36m[K^~~~~~~~~~~[m[K
[3.541s] [01m[K/usr/include/c++/9/bits/shared_ptr.h:714:5:[m[K [01;36m[Knote: [m[K  template argument deduction/substitution failed:
[3.541s] [01m[K/home/marc/Documentos/GitHub/IR2117-PSR/tb3_ws/src/olympic/src/rings_action_server.cpp:47:54:[m[K [01;31m[Kerror: [m[Ktemplate argument 1 is invalid
[3.541s]    47 |   auto feedback = std::make_shared<Radius::Feedback>([01;31m[K)[m[K;
[3.541s]       |                                                      [01;31m[K^[m[K
[3.542s] [01m[K/home/marc/Documentos/GitHub/IR2117-PSR/tb3_ws/src/olympic/src/rings_action_server.cpp:51:22:[m[K [01;31m[Kerror: [m[Kparse error in template argument list
[3.542s]    51 |   auto result = std::[01;31m[Kmake_shared<Radius::Result>[m[K();
[3.542s]       |                      [01;31m[K^~~~~~~~~~~~~~~~~~~~~~~~~~~[m[K
[3.542s] [01m[K/home/marc/Documentos/GitHub/IR2117-PSR/tb3_ws/src/olympic/src/rings_action_server.cpp:51:50:[m[K [01;31m[Kerror: [m[Kno matching function for call to â€˜[01m[Kmake_shared<Radius>()[m[Kâ€™
[3.543s]    51 |   auto result = std::make_shared<Radius::Result>([01;31m[K)[m[K;
[3.543s]       |                                                  [01;31m[K^[m[K
[3.543s] In file included from [01m[K/usr/include/c++/9/memory:81[m[K,
[3.543s]                  from [01m[K/home/marc/Documentos/GitHub/IR2117-PSR/tb3_ws/src/olympic/src/rings_action_server.cpp:2[m[K:
[3.543s] [01m[K/usr/include/c++/9/bits/shared_ptr.h:714:5:[m[K [01;36m[Knote: [m[Kcandidate: â€˜[01m[Ktemplate<class _Tp, class ... _Args> std::shared_ptr<_Tp> std::make_shared(_Args&& ...)[m[Kâ€™
[3.544s]   714 |     [01;36m[Kmake_shared[m[K(_Args&&... __args)
[3.544s]       |     [01;36m[K^~~~~~~~~~~[m[K
[3.544s] [01m[K/usr/include/c++/9/bits/shared_ptr.h:714:5:[m[K [01;36m[Knote: [m[K  template argument deduction/substitution failed:
[3.545s] [01m[K/home/marc/Documentos/GitHub/IR2117-PSR/tb3_ws/src/olympic/src/rings_action_server.cpp:53:32:[m[K [01;31m[Kerror: [m[Kâ€˜[01m[Kusing element_type = const struct olympic_interfaces::action::Rings_Goal_<std::allocator<void> >[m[Kâ€™ {aka â€˜[01m[Kconst struct olympic_interfaces::action::Rings_Goal_<std::allocator<void> >[m[Kâ€™} has no member named â€˜[01m[Korder[m[Kâ€™
[3.545s]    53 |     for (int i = 1; (i < goal->[01;31m[Korder[m[K) && rclcpp::ok(); ++i) {
[3.545s]       |                                [01;31m[K^~~~~[m[K
[5.409s] make[2]: *** [CMakeFiles/action_server.dir/build.make:63: CMakeFiles/action_server.dir/src/rings_action_server.cpp.o] Error 1
[5.410s] make[1]: *** [CMakeFiles/Makefile2:109: CMakeFiles/action_server.dir/all] Error 2
[5.410s] make[1]: *** Se espera a que terminen otras tareas....
[5.444s] make[2]: *** [CMakeFiles/action_client.dir/build.make:63: CMakeFiles/action_client.dir/src/rings_action_client.cpp.o] Error 1
[5.445s] make[1]: *** [CMakeFiles/Makefile2:82: CMakeFiles/action_client.dir/all] Error 2
[5.445s] make: *** [Makefile:141: all] Error 2
[5.449s] Invoked command in '/home/marc/Documentos/GitHub/IR2117-PSR/tb3_ws/build/olympic' returned '2': AMENT_PREFIX_PATH=/home/marc/Documentos/GitHub/IR2117-PSR/tb3_ws/install/olympic_interfaces:${AMENT_PREFIX_PATH} CMAKE_PREFIX_PATH=/home/marc/Documentos/GitHub/IR2117-PSR/tb3_ws/install/olympic_interfaces:/opt/ros/foxy LD_LIBRARY_PATH=/home/marc/Documentos/GitHub/IR2117-PSR/tb3_ws/install/olympic_interfaces/lib:${LD_LIBRARY_PATH} PYTHONPATH=/home/marc/Documentos/GitHub/IR2117-PSR/tb3_ws/install/olympic_interfaces/lib/python3.8/site-packages:${PYTHONPATH} /usr/bin/cmake --build /home/marc/Documentos/GitHub/IR2117-PSR/tb3_ws/build/olympic -- -j2 -l2
