[0.042s] Invoking command in '/home/usuario/Documentos/GitHub/IR2117-PSR/ros2_ws/build/examples_topics': CMAKE_PREFIX_PATH=/opt/ros/foxy /usr/bin/cmake /home/usuario/Documentos/GitHub/IR2117-PSR/ros2_ws/src/examples/topics -DCMAKE_INSTALL_PREFIX=/home/usuario/Documentos/GitHub/IR2117-PSR/ros2_ws/install/examples_topics
[0.546s] -- The C compiler identification is GNU 9.4.0
[1.058s] -- The CXX compiler identification is GNU 9.4.0
[1.110s] -- Check for working C compiler: /usr/bin/cc
[1.855s] -- Check for working C compiler: /usr/bin/cc -- works
[1.863s] -- Detecting C compiler ABI info
[2.883s] -- Detecting C compiler ABI info - done
[2.964s] -- Detecting C compile features
[2.964s] -- Detecting C compile features - done
[3.046s] -- Check for working CXX compiler: /usr/bin/c++
[4.003s] -- Check for working CXX compiler: /usr/bin/c++ -- works
[4.014s] -- Detecting CXX compiler ABI info
[5.225s] -- Detecting CXX compiler ABI info - done
[5.327s] -- Detecting CXX compile features
[5.327s] -- Detecting CXX compile features - done
[5.495s] -- Found ament_cmake: 0.9.11 (/opt/ros/foxy/share/ament_cmake/cmake)
[5.564s] -- Found PythonInterp: /usr/bin/python3 (found suitable version "3.8.10", minimum required is "3") 
[5.564s] -- Using PYTHON_EXECUTABLE: /usr/bin/python3
[6.060s] -- Found rclcpp: 2.4.2 (/opt/ros/foxy/share/rclcpp/cmake)
[6.118s] -- Using all available rosidl_typesupport_c: rosidl_typesupport_fastrtps_c;rosidl_typesupport_introspection_c
[6.127s] -- Found rosidl_adapter: 1.3.0 (/opt/ros/foxy/share/rosidl_adapter/cmake)
[6.200s] -- Found OpenSSL: /usr/lib/x86_64-linux-gnu/libcrypto.so (found version "1.1.1f")  
[6.227s] -- Found FastRTPS: /opt/ros/foxy/include  
[6.299s] -- Using all available rosidl_typesupport_cpp: rosidl_typesupport_fastrtps_cpp;rosidl_typesupport_introspection_cpp
[6.356s] -- Found rmw_implementation_cmake: 1.0.3 (/opt/ros/foxy/share/rmw_implementation_cmake/cmake)
[6.358s] -- Using RMW implementation 'rmw_fastrtps_cpp' as default
[6.418s] -- Looking for pthread.h
[7.888s] -- Looking for pthread.h - found
[7.910s] -- Performing Test CMAKE_HAVE_LIBC_PTHREAD
[9.500s] -- Performing Test CMAKE_HAVE_LIBC_PTHREAD - Failed
[9.510s] -- Looking for pthread_create in pthreads
[9.815s] -- Looking for pthread_create in pthreads - not found
[9.820s] -- Looking for pthread_create in pthread
[10.534s] -- Looking for pthread_create in pthread - found
[10.539s] -- Found Threads: TRUE  
[10.792s] -- Configuring done
[10.804s] -- Generating done
[10.817s] -- Build files have been written to: /home/usuario/Documentos/GitHub/IR2117-PSR/ros2_ws/build/examples_topics
[10.824s] Invoked command in '/home/usuario/Documentos/GitHub/IR2117-PSR/ros2_ws/build/examples_topics' returned '0': CMAKE_PREFIX_PATH=/opt/ros/foxy /usr/bin/cmake /home/usuario/Documentos/GitHub/IR2117-PSR/ros2_ws/src/examples/topics -DCMAKE_INSTALL_PREFIX=/home/usuario/Documentos/GitHub/IR2117-PSR/ros2_ws/install/examples_topics
[10.830s] Invoking command in '/home/usuario/Documentos/GitHub/IR2117-PSR/ros2_ws/build/examples_topics': CMAKE_PREFIX_PATH=/opt/ros/foxy /usr/bin/cmake --build /home/usuario/Documentos/GitHub/IR2117-PSR/ros2_ws/build/examples_topics -- -j6 -l6
[10.947s] [35m[1mScanning dependencies of target publisher[0m
[10.947s] [35m[1mScanning dependencies of target subscriber[0m
[11.109s] [ 50%] [32mBuilding CXX object CMakeFiles/subscriber.dir/subscriber.cpp.o[0m
[11.109s] [ 50%] [32mBuilding CXX object CMakeFiles/publisher.dir/publisher.cpp.o[0m
[143.154s] make[2]: *** Se borra el archivo 'CMakeFiles/publisher.dir/publisher.cpp.o'
[143.154s] make[2]: *** Se borra el archivo 'CMakeFiles/subscriber.dir/subscriber.cpp.o'
[143.154s] make[2]: *** [CMakeFiles/publisher.dir/build.make:63: CMakeFiles/publisher.dir/publisher.cpp.o] Interrupci√≥n
[143.155s] make[2]: *** [CMakeFiles/subscriber.dir/build.make:63: CMakeFiles/subscriber.dir/subscriber.cpp.o] Interrupci√≥n
[143.155s] make[1]: *** [CMakeFiles/Makefile2:80: CMakeFiles/subscriber.dir/all] Interrupci√≥n
[143.155s] make[1]: *** wait: No hay ning√∫n proceso hijo.  Alto.
[143.155s] make[1]: *** Se espera a que terminen otras tareas....
[143.155s] make[1]: *** wait: No hay ning√∫n proceso hijo.  Alto.
[143.155s] make: *** [Makefile:141: all] Error 2
[143.158s] Invoked command in '/home/usuario/Documentos/GitHub/IR2117-PSR/ros2_ws/build/examples_topics' returned '-2': CMAKE_PREFIX_PATH=/opt/ros/foxy /usr/bin/cmake --build /home/usuario/Documentos/GitHub/IR2117-PSR/ros2_ws/build/examples_topics -- -j6 -l6
